<?xml version="1.0" encoding="UTF-8"?>
<coverage generated="1788214679588" clover="3.2.0">
  <project timestamp="1788214679588" name="All files">
    <metrics statements="31" coveredstatements="27" conditionals="18" coveredconditionals="16" methods="5" coveredmethods="5" elements="54" coveredelements="48" complexity="0" loc="31" ncloc="31" packages="1" files="2" classes="2"/>
    <file name="App.css" path="C:\Users\Lenovo_It_1\Desktop\sezzle-calculator\frontend\src\App.css">
      <metrics statements="0" coveredstatements="0" conditionals="0" coveredconditionals="0" methods="0" coveredmethods="0"/>
    </file>
    <file name="App.tsx" path="C:\Users\Lenovo_It_1\Desktop\sezzle-calculator\frontend\src\App.tsx">
      <metrics statements="31" coveredstatements="27" conditionals="18" coveredconditionals="16" methods="5" coveredmethods="5"/>
      <line num="5" count="24" type="stmt"/>
      <line num="6" count="24" type="stmt"/>
      <line num="7" count="24" type="stmt"/>
      <line num="8" count="24" type="stmt"/>
      <line num="9" count="24" type="stmt"/>
      <line num="11" count="24" type="stmt"/>
      <line num="12" count="5" type="stmt"/>
      <line num="14" count="5" type="stmt"/>
      <line num="15" count="5" type="stmt"/>
      <line num="17" count="5" type="cond" truecount="2" falsecount="0"/>
      <line num="18" count="1" type="stmt"/>
      <line num="19" count="1" type="stmt"/>
      <line num="22" count="4" type="cond" truecount="3" falsecount="1"/>
      <line num="23" count="0" type="stmt"/>
      <line num="24" count="0" type="stmt"/>
      <line num="27" count="4" type="stmt"/>
      <line num="28" count="4" type="stmt"/>
      <line num="30" count="4" type="cond" truecount="3" falsecount="1"/>
      <line num="31" count="0" type="stmt"/>
      <line num="32" count="0" type="stmt"/>
      <line num="35" count="4" type="stmt"/>
      <line num="47" count="4" type="stmt"/>
      <line num="49" count="4" type="cond" truecount="2" falsecount="0"/>
      <line num="50" count="1" type="stmt"/>
      <line num="51" count="1" type="stmt"/>
      <line num="52" count="1" type="stmt"/>
      <line num="55" count="3" type="stmt"/>
      <line num="58" count="24" type="stmt"/>
      <line num="77" count="4" type="stmt"/>
      <line num="82" count="2" type="stmt"/>
      <line num="98" count="3" type="stmt"/>
    </file>
  </project>
</coverage>
