{"C:\\Users\\Lenovo_It_1\\Desktop\\sezzle-calculator\\frontend\\src\\App.css": {"path":"C:\\Users\\Lenovo_It_1\\Desktop\\sezzle-calculator\\frontend\\src\\App.css","statementMap":{},"fnMap":{},"branchMap":{},"s":{},"f":{},"b":{},"meta":{"lastBranch":0,"lastFunction":0,"lastStatement":0,"seen":{},"fnNames":{}}}
,"C:\\Users\\Lenovo_It_1\\Desktop\\sezzle-calculator\\frontend\\src\\App.tsx": {"path":"C:\\Users\\Lenovo_It_1\\Desktop\\sezzle-calculator\\frontend\\src\\App.tsx","statementMap":{"0":{"start":{"line":5,"column":40},"end":{"line":5,"column":null}},"1":{"start":{"line":6,"column":42},"end":{"line":6,"column":null}},"2":{"start":{"line":7,"column":36},"end":{"line":7,"column":null}},"3":{"start":{"line":8,"column":30},"end":{"line":8,"column":null}},"4":{"start":{"line":9,"column":28},"end":{"line":9,"column":null}},"5":{"start":{"line":11,"column":26},"end":{"line":56,"column":null}},"6":{"start":{"line":12,"column":4},"end":{"line":12,"column":null}},"7":{"start":{"line":14,"column":23},"end":{"line":14,"column":null}},"8":{"start":{"line":15,"column":20},"end":{"line":15,"column":null}},"9":{"start":{"line":17,"column":0},"end":{"line":20,"column":null}},"10":{"start":{"line":18,"column":2},"end":{"line":18,"column":null}},"11":{"start":{"line":19,"column":2},"end":{"line":19,"column":null}},"12":{"start":{"line":22,"column":0},"end":{"line":25,"column":null}},"13":{"start":{"line":23,"column":2},"end":{"line":23,"column":null}},"14":{"start":{"line":24,"column":2},"end":{"line":24,"column":null}},"15":{"start":{"line":27,"column":18},"end":{"line":27,"column":null}},"16":{"start":{"line":28,"column":19},"end":{"line":28,"column":null}},"17":{"start":{"line":30,"column":4},"end":{"line":33,"column":null}},"18":{"start":{"line":31,"column":6},"end":{"line":31,"column":null}},"19":{"start":{"line":32,"column":6},"end":{"line":32,"column":null}},"20":{"start":{"line":35,"column":21},"end":{"line":45,"column":null}},"21":{"start":{"line":47,"column":17},"end":{"line":47,"column":null}},"22":{"start":{"line":49,"column":4},"end":{"line":53,"column":null}},"23":{"start":{"line":50,"column":6},"end":{"line":50,"column":null}},"24":{"start":{"line":51,"column":6},"end":{"line":51,"column":null}},"25":{"start":{"line":52,"column":6},"end":{"line":52,"column":null}},"26":{"start":{"line":55,"column":4},"end":{"line":55,"column":null}},"27":{"start":{"line":58,"column":2},"end":{"line":109,"column":null}},"28":{"start":{"line":77,"column":31},"end":{"line":77,"column":null}},"29":{"start":{"line":82,"column":31},"end":{"line":82,"column":null}},"30":{"start":{"line":98,"column":31},"end":{"line":98,"column":null}}},"fnMap":{"0":{"name":"App","decl":{"start":{"line":4,"column":9},"end":{"line":4,"column":15}},"loc":{"start":{"line":4,"column":15},"end":{"line":111,"column":null}},"line":4},"1":{"name":"(anonymous_1)","decl":{"start":{"line":11,"column":26},"end":{"line":11,"column":38}},"loc":{"start":{"line":11,"column":38},"end":{"line":56,"column":null}},"line":11},"2":{"name":"(anonymous_2)","decl":{"start":{"line":77,"column":10},"end":{"line":77,"column":21}},"loc":{"start":{"line":77,"column":31},"end":{"line":77,"column":null}},"line":77},"3":{"name":"(anonymous_3)","decl":{"start":{"line":82,"column":10},"end":{"line":82,"column":21}},"loc":{"start":{"line":82,"column":31},"end":{"line":82,"column":null}},"line":82},"4":{"name":"(anonymous_4)","decl":{"start":{"line":98,"column":10},"end":{"line":98,"column":21}},"loc":{"start":{"line":98,"column":31},"end":{"line":98,"column":null}},"line":98}},"branchMap":{"0":{"loc":{"start":{"line":17,"column":0},"end":{"line":20,"column":null}},"type":"if","locations":[{"start":{"line":17,"column":0},"end":{"line":20,"column":null}},{"start":{},"end":{}}],"line":17},"1":{"loc":{"start":{"line":22,"column":0},"end":{"line":25,"column":null}},"type":"if","locations":[{"start":{"line":22,"column":0},"end":{"line":25,"column":null}},{"start":{},"end":{}}],"line":22},"2":{"loc":{"start":{"line":22,"column":4},"end":{"line":22,"column":41}},"type":"binary-expr","locations":[{"start":{"line":22,"column":4},"end":{"line":22,"column":28}},{"start":{"line":22,"column":28},"end":{"line":22,"column":41}}],"line":22},"3":{"loc":{"start":{"line":30,"column":4},"end":{"line":33,"column":null}},"type":"if","locations":[{"start":{"line":30,"column":4},"end":{"line":33,"column":null}},{"start":{},"end":{}}],"line":30},"4":{"loc":{"start":{"line":30,"column":8},"end":{"line":30,"column":61}},"type":"binary-expr","locations":[{"start":{"line":30,"column":8},"end":{"line":30,"column":35}},{"start":{"line":30,"column":35},"end":{"line":30,"column":61}}],"line":30},"5":{"loc":{"start":{"line":49,"column":4},"end":{"line":53,"column":null}},"type":"if","locations":[{"start":{"line":49,"column":4},"end":{"line":53,"column":null}},{"start":{},"end":{}}],"line":49},"6":{"loc":{"start":{"line":60,"column":7},"end":{"line":63,"column":null}},"type":"binary-expr","locations":[{"start":{"line":60,"column":7},"end":{"line":60,"column":null}},{"start":{"line":61,"column":8},"end":{"line":63,"column":null}}],"line":60},"7":{"loc":{"start":{"line":69,"column":9},"end":{"line":69,"column":null}},"type":"binary-expr","locations":[{"start":{"line":69,"column":9},"end":{"line":69,"column":19}},{"start":{"line":69,"column":19},"end":{"line":69,"column":null}}],"line":69},"8":{"loc":{"start":{"line":93,"column":9},"end":{"line":99,"column":null}},"type":"binary-expr","locations":[{"start":{"line":93,"column":9},"end":{"line":93,"column":null}},{"start":{"line":94,"column":8},"end":{"line":99,"column":null}}],"line":93}},"s":{"0":24,"1":24,"2":24,"3":24,"4":24,"5":24,"6":5,"7":5,"8":5,"9":5,"10":1,"11":1,"12":4,"13":0,"14":0,"15":4,"16":4,"17":4,"18":0,"19":0,"20":4,"21":4,"22":4,"23":1,"24":1,"25":1,"26":3,"27":24,"28":4,"29":2,"30":3},"f":{"0":24,"1":5,"2":4,"3":2,"4":3},"b":{"0":[1,4],"1":[0,4],"2":[4,3],"3":[0,4],"4":[4,4],"5":[1,3],"6":[24,2],"7":[24,21],"8":[24,21]},"meta":{"lastBranch":9,"lastFunction":5,"lastStatement":31,"seen":{"f:4:9:4:15":0,"s:5:40:5:Infinity":0,"s:6:42:6:Infinity":1,"s:7:36:7:Infinity":2,"s:8:30:8:Infinity":3,"s:9:28:9:Infinity":4,"s:11:26:56:Infinity":5,"f:11:26:11:38":1,"s:12:4:12:Infinity":6,"s:14:23:14:Infinity":7,"s:15:20:15:Infinity":8,"b:17:0:20:Infinity:undefined:undefined:undefined:undefined":0,"s:17:0:20:Infinity":9,"s:18:2:18:Infinity":10,"s:19:2:19:Infinity":11,"b:22:0:25:Infinity:undefined:undefined:undefined:undefined":1,"s:22:0:25:Infinity":12,"b:22:4:22:28:22:28:22:41":2,"s:23:2:23:Infinity":13,"s:24:2:24:Infinity":14,"s:27:18:27:Infinity":15,"s:28:19:28:Infinity":16,"b:30:4:33:Infinity:undefined:undefined:undefined:undefined":3,"s:30:4:33:Infinity":17,"b:30:8:30:35:30:35:30:61":4,"s:31:6:31:Infinity":18,"s:32:6:32:Infinity":19,"s:35:21:45:Infinity":20,"s:47:17:47:Infinity":21,"b:49:4:53:Infinity:undefined:undefined:undefined:undefined":5,"s:49:4:53:Infinity":22,"s:50:6:50:Infinity":23,"s:51:6:51:Infinity":24,"s:52:6:52:Infinity":25,"s:55:4:55:Infinity":26,"s:58:2:109:Infinity":27,"b:60:7:60:Infinity:61:8:63:Infinity":6,"b:69:9:69:19:69:19:69:Infinity":7,"f:77:10:77:21":2,"s:77:31:77:Infinity":28,"f:82:10:82:21":3,"s:82:31:82:Infinity":29,"b:93:9:93:Infinity:94:8:99:Infinity":8,"f:98:10:98:21":4,"s:98:31:98:Infinity":30},"fnNames":{}}}
}
